<?xml version="1.0" encoding="UTF-8" standalone="no"?>
<!DOCTYPE log SYSTEM "logger.dtd">
<log>
<record>
  <date>2019-05-27T09:37:40</date>
  <millis>1558924660398</millis>
  <sequence>0</sequence>
  <level>START</level>
  <class>com.kms.katalon.core.logging.XmlKeywordLogger</class>
  <method>startSuite</method>
  <thread>1</thread>
  <message>Start Test Suite : Test Suites/Company</message>
  <nestedLevel>0</nestedLevel>
  <property name="name">Company</property>
  <property name="description"></property>
  <property name="id">Test Suites/Company</property>
</record>
<record>
  <date>2019-05-27T09:37:40</date>
  <millis>1558924660449</millis>
  <sequence>1</sequence>
  <level>RUN_DATA</level>
  <class>com.kms.katalon.core.logging.XmlKeywordLogger</class>
  <method>logMessage</method>
  <thread>1</thread>
  <message>hostName = Acer - KyNQHSE62812</message>
  <nestedLevel>0</nestedLevel>
  <property name="hostName">Acer - KyNQHSE62812</property>
</record>
<record>
  <date>2019-05-27T09:37:40</date>
  <millis>1558924660451</millis>
  <sequence>2</sequence>
  <level>RUN_DATA</level>
  <class>com.kms.katalon.core.logging.XmlKeywordLogger</class>
  <method>logMessage</method>
  <thread>1</thread>
  <message>os = Windows 10 64bit</message>
  <nestedLevel>0</nestedLevel>
  <property name="os">Windows 10 64bit</property>
</record>
<record>
  <date>2019-05-27T09:37:40</date>
  <millis>1558924660452</millis>
  <sequence>3</sequence>
  <level>RUN_DATA</level>
  <class>com.kms.katalon.core.logging.XmlKeywordLogger</class>
  <method>logMessage</method>
  <thread>1</thread>
  <message>hostAddress = 192.168.223.1</message>
  <nestedLevel>0</nestedLevel>
  <property name="hostAddress">192.168.223.1</property>
</record>
<record>
  <date>2019-05-27T09:37:40</date>
  <millis>1558924660466</millis>
  <sequence>4</sequence>
  <level>RUN_DATA</level>
  <class>com.kms.katalon.core.logging.XmlKeywordLogger</class>
  <method>logMessage</method>
  <thread>1</thread>
  <message>katalonVersion = 6.0.5.4</message>
  <nestedLevel>0</nestedLevel>
  <property name="katalonVersion">6.0.5.4</property>
</record>
<record>
  <date>2019-05-27T09:37:41</date>
  <millis>1558924661249</millis>
  <sequence>5</sequence>
  <level>START</level>
  <class>com.kms.katalon.core.logging.XmlKeywordLogger</class>
  <method>startTest</method>
  <thread>1</thread>
  <message>Start Test Case : Test Cases/Company/PostCompany</message>
  <nestedLevel>1</nestedLevel>
  <property name="name">Test Cases/Company/PostCompany</property>
  <property name="description"></property>
  <property name="id">Test Cases/Company/PostCompany</property>
  <property name="source">C:\\Users\\Acer\\Katalon Studio\\Unilog\\Test Cases\\Company\\PostCompany.tc</property>
  <property name="isOptional">false</property>
</record>
<record>
  <date>2019-05-27T09:37:42</date>
  <millis>1558924662370</millis>
  <sequence>7</sequence>
  <level>START</level>
  <class>com.kms.katalon.core.logging.XmlKeywordLogger</class>
  <method>startKeyword</method>
  <thread>1</thread>
  <message>Start action : response = sendRequest(findTestObject(\&amp;quot;Company/PostCompany\&amp;quot;))</message>
  <nestedLevel>1</nestedLevel>
  <property name="startLine">16</property>
  <property name="stepIndex">1</property>
</record>
<record>
  <date>2019-05-27T09:37:48</date>
  <millis>1558924668957</millis>
  <sequence>11</sequence>
  <level>INFO</level>
  <class>com.kms.katalon.core.logging.XmlKeywordLogger</class>
  <method>logMessage</method>
  <thread>1</thread>
  <message>HAR: C:\\Users\\Acer\\Katalon Studio\\Unilog\\Reports\\Company\\20190527_093729\\requests\\main\\0.har</message>
  <nestedLevel>1</nestedLevel>
  <property name="harId">9b6c200d-dbf9-4b65-b5d3-64a407183fd7</property>
</record>
<record>
  <date>2019-05-27T09:37:49</date>
  <millis>1558924669299</millis>
  <sequence>12</sequence>
  <level>PASSED</level>
  <class>com.kms.katalon.core.logging.XmlKeywordLogger</class>
  <method>logMessage</method>
  <thread>1</thread>
  <message>Send request successfully</message>
  <nestedLevel>1</nestedLevel>
</record>
<record>
  <date>2019-05-27T09:37:49</date>
  <millis>1558924669301</millis>
  <sequence>13</sequence>
  <level>END</level>
  <class>com.kms.katalon.core.logging.XmlKeywordLogger</class>
  <method>endKeyword</method>
  <thread>1</thread>
  <message>End action : response = sendRequest(findTestObject(\&amp;quot;Company/PostCompany\&amp;quot;))</message>
  <nestedLevel>1</nestedLevel>
</record>
<record>
  <date>2019-05-27T09:37:49</date>
  <millis>1558924669303</millis>
  <sequence>14</sequence>
  <level>START</level>
  <class>com.kms.katalon.core.logging.XmlKeywordLogger</class>
  <method>startKeyword</method>
  <thread>1</thread>
  <message>Start action : verifyResponseStatusCode(response, 200)</message>
  <nestedLevel>1</nestedLevel>
  <property name="startLine">18</property>
  <property name="stepIndex">2</property>
</record>
<record>
  <date>2019-05-27T09:37:49</date>
  <millis>1558924669451</millis>
  <sequence>16</sequence>
  <level>PASSED</level>
  <class>com.kms.katalon.core.logging.XmlKeywordLogger</class>
  <method>logMessage</method>
  <thread>1</thread>
  <message>Verify response status code successfully</message>
  <nestedLevel>1</nestedLevel>
</record>
<record>
  <date>2019-05-27T09:37:49</date>
  <millis>1558924669452</millis>
  <sequence>17</sequence>
  <level>END</level>
  <class>com.kms.katalon.core.logging.XmlKeywordLogger</class>
  <method>endKeyword</method>
  <thread>1</thread>
  <message>End action : verifyResponseStatusCode(response, 200)</message>
  <nestedLevel>1</nestedLevel>
</record>
<record>
  <date>2019-05-27T09:37:49</date>
  <millis>1558924669453</millis>
  <sequence>18</sequence>
  <level>PASSED</level>
  <class>com.kms.katalon.core.logging.XmlKeywordLogger</class>
  <method>logMessage</method>
  <thread>1</thread>
  <message>Test Cases/Company/PostCompany</message>
  <nestedLevel>1</nestedLevel>
</record>
<record>
  <date>2019-05-27T09:37:49</date>
  <millis>1558924669454</millis>
  <sequence>19</sequence>
  <level>END</level>
  <class>com.kms.katalon.core.logging.XmlKeywordLogger</class>
  <method>endTest</method>
  <thread>1</thread>
  <message>End Test Case : Test Cases/Company/PostCompany</message>
  <nestedLevel>0</nestedLevel>
</record>
<record>
  <date>2019-05-27T09:37:49</date>
  <millis>1558924669639</millis>
  <sequence>20</sequence>
  <level>END</level>
  <class>com.kms.katalon.core.logging.XmlKeywordLogger</class>
  <method>endSuite</method>
  <thread>1</thread>
  <message>End Test Suite : Test Suites/Company</message>
  <nestedLevel>0</nestedLevel>
</record>
</log>