<?xml version="1.0" encoding="UTF-8" standalone="no"?>
<!DOCTYPE log SYSTEM "logger.dtd">
<log>
<record>
  <date>2019-05-24T14:56:56</date>
  <millis>1558684616016</millis>
  <sequence>0</sequence>
  <level>START</level>
  <class>com.kms.katalon.core.logging.XmlKeywordLogger</class>
  <method>startSuite</method>
  <thread>1</thread>
  <message>Start Test Suite : Test Suites/Company</message>
  <nestedLevel>0</nestedLevel>
  <property name="name">Company</property>
  <property name="description"></property>
  <property name="id">Test Suites/Company</property>
</record>
<record>
  <date>2019-05-24T14:56:56</date>
  <millis>1558684616055</millis>
  <sequence>1</sequence>
  <level>RUN_DATA</level>
  <class>com.kms.katalon.core.logging.XmlKeywordLogger</class>
  <method>logMessage</method>
  <thread>1</thread>
  <message>hostName = Acer - KyNQHSE62812</message>
  <nestedLevel>0</nestedLevel>
  <property name="hostName">Acer - KyNQHSE62812</property>
</record>
<record>
  <date>2019-05-24T14:56:56</date>
  <millis>1558684616058</millis>
  <sequence>2</sequence>
  <level>RUN_DATA</level>
  <class>com.kms.katalon.core.logging.XmlKeywordLogger</class>
  <method>logMessage</method>
  <thread>1</thread>
  <message>os = Windows 10 64bit</message>
  <nestedLevel>0</nestedLevel>
  <property name="os">Windows 10 64bit</property>
</record>
<record>
  <date>2019-05-24T14:56:56</date>
  <millis>1558684616063</millis>
  <sequence>3</sequence>
  <level>RUN_DATA</level>
  <class>com.kms.katalon.core.logging.XmlKeywordLogger</class>
  <method>logMessage</method>
  <thread>1</thread>
  <message>hostAddress = 192.168.223.1</message>
  <nestedLevel>0</nestedLevel>
  <property name="hostAddress">192.168.223.1</property>
</record>
<record>
  <date>2019-05-24T14:56:56</date>
  <millis>1558684616069</millis>
  <sequence>4</sequence>
  <level>RUN_DATA</level>
  <class>com.kms.katalon.core.logging.XmlKeywordLogger</class>
  <method>logMessage</method>
  <thread>1</thread>
  <message>katalonVersion = 6.0.5.4</message>
  <nestedLevel>0</nestedLevel>
  <property name="katalonVersion">6.0.5.4</property>
</record>
<record>
  <date>2019-05-24T14:56:56</date>
  <millis>1558684616586</millis>
  <sequence>5</sequence>
  <level>START</level>
  <class>com.kms.katalon.core.logging.XmlKeywordLogger</class>
  <method>startTest</method>
  <thread>1</thread>
  <message>Start Test Case : Test Cases/Company/PostCompany</message>
  <nestedLevel>1</nestedLevel>
  <property name="name">Test Cases/Company/PostCompany</property>
  <property name="description"></property>
  <property name="id">Test Cases/Company/PostCompany</property>
  <property name="source">C:\\Users\\Acer\\Katalon Studio\\Unilog\\Test Cases\\Company\\PostCompany.tc</property>
  <property name="isOptional">false</property>
</record>
<record>
  <date>2019-05-24T14:56:57</date>
  <millis>1558684617464</millis>
  <sequence>7</sequence>
  <level>START</level>
  <class>com.kms.katalon.core.logging.XmlKeywordLogger</class>
  <method>startKeyword</method>
  <thread>1</thread>
  <message>Start action : response = sendRequest(findTestObject(\&amp;quot;Company/PostCompany\&amp;quot;))</message>
  <nestedLevel>1</nestedLevel>
  <property name="startLine">16</property>
  <property name="stepIndex">1</property>
</record>
<record>
  <date>2019-05-24T14:57:01</date>
  <millis>1558684621960</millis>
  <sequence>11</sequence>
  <level>INFO</level>
  <class>com.kms.katalon.core.logging.XmlKeywordLogger</class>
  <method>logMessage</method>
  <thread>1</thread>
  <message>HAR: C:\\Users\\Acer\\Katalon Studio\\Unilog\\Reports\\Company\\20190524_145647\\requests\\main\\0.har</message>
  <nestedLevel>1</nestedLevel>
  <property name="harId">826c2890-a1b8-4d5a-855b-7d2d35352e83</property>
</record>
<record>
  <date>2019-05-24T14:57:02</date>
  <millis>1558684622218</millis>
  <sequence>12</sequence>
  <level>PASSED</level>
  <class>com.kms.katalon.core.logging.XmlKeywordLogger</class>
  <method>logMessage</method>
  <thread>1</thread>
  <message>Send request successfully</message>
  <nestedLevel>1</nestedLevel>
</record>
<record>
  <date>2019-05-24T14:57:02</date>
  <millis>1558684622224</millis>
  <sequence>13</sequence>
  <level>END</level>
  <class>com.kms.katalon.core.logging.XmlKeywordLogger</class>
  <method>endKeyword</method>
  <thread>1</thread>
  <message>End action : response = sendRequest(findTestObject(\&amp;quot;Company/PostCompany\&amp;quot;))</message>
  <nestedLevel>1</nestedLevel>
</record>
<record>
  <date>2019-05-24T14:57:02</date>
  <millis>1558684622225</millis>
  <sequence>14</sequence>
  <level>START</level>
  <class>com.kms.katalon.core.logging.XmlKeywordLogger</class>
  <method>startKeyword</method>
  <thread>1</thread>
  <message>Start action : verifyResponseStatusCode(response, 200)</message>
  <nestedLevel>1</nestedLevel>
  <property name="startLine">18</property>
  <property name="stepIndex">2</property>
</record>
<record>
  <date>2019-05-24T14:57:02</date>
  <millis>1558684622268</millis>
  <sequence>16</sequence>
  <level>PASSED</level>
  <class>com.kms.katalon.core.logging.XmlKeywordLogger</class>
  <method>logMessage</method>
  <thread>1</thread>
  <message>Verify response status code successfully</message>
  <nestedLevel>1</nestedLevel>
</record>
<record>
  <date>2019-05-24T14:57:02</date>
  <millis>1558684622270</millis>
  <sequence>17</sequence>
  <level>END</level>
  <class>com.kms.katalon.core.logging.XmlKeywordLogger</class>
  <method>endKeyword</method>
  <thread>1</thread>
  <message>End action : verifyResponseStatusCode(response, 200)</message>
  <nestedLevel>1</nestedLevel>
</record>
<record>
  <date>2019-05-24T14:57:02</date>
  <millis>1558684622271</millis>
  <sequence>18</sequence>
  <level>PASSED</level>
  <class>com.kms.katalon.core.logging.XmlKeywordLogger</class>
  <method>logMessage</method>
  <thread>1</thread>
  <message>Test Cases/Company/PostCompany</message>
  <nestedLevel>1</nestedLevel>
</record>
<record>
  <date>2019-05-24T14:57:02</date>
  <millis>1558684622273</millis>
  <sequence>19</sequence>
  <level>END</level>
  <class>com.kms.katalon.core.logging.XmlKeywordLogger</class>
  <method>endTest</method>
  <thread>1</thread>
  <message>End Test Case : Test Cases/Company/PostCompany</message>
  <nestedLevel>0</nestedLevel>
</record>
<record>
  <date>2019-05-24T14:57:02</date>
  <millis>1558684622417</millis>
  <sequence>20</sequence>
  <level>END</level>
  <class>com.kms.katalon.core.logging.XmlKeywordLogger</class>
  <method>endSuite</method>
  <thread>1</thread>
  <message>End Test Suite : Test Suites/Company</message>
  <nestedLevel>0</nestedLevel>
</record>
</log>